s2_10_appwidget04/build/outputs/logs/manifest-merger-debug-report.txt
-- Merging decision tree log ---
manifest
ADDED from src\main\AndroidManifest.xml:2:1-24:12
	package
		ADDED from src\main\AndroidManifest.xml:3:2-28
		INJECTED from src\main\AndroidManifest.xml
		INJECTED from src\main\AndroidManifest.xml
	android:versionName
		ADDED from src\main\AndroidManifest.xml:3:53-78
		INJECTED from src\main\AndroidManifest.xml
		INJECTED from src\main\AndroidManifest.xml
	android:versionCode
		ADDED from src\main\AndroidManifest.xml:3:29-52
		INJECTED from src\main\AndroidManifest.xml
		INJECTED from src\main\AndroidManifest.xml
	xmlns:android
		ADDED from src\main\AndroidManifest.xml:2:11-69
application
ADDED from src\main\AndroidManifest.xml:4:2-21:16
	android:label
		ADDED from src\main\AndroidManifest.xml:4:45-77
	android:icon
		ADDED from src\main\AndroidManifest.xml:4:15-44
activity#mars.appwidget04.MainActivity
ADDED from src\main\AndroidManifest.xml:5:3-10:14
	android:label
		ADDED from src\main\AndroidManifest.xml:5:42-74
	android:name
		ADDED from src\main\AndroidManifest.xml:5:13-41
intent-filter#android.intent.action.MAIN+android.intent.category.LAUNCHER
ADDED from src\main\AndroidManifest.xml:6:4-9:20
action#android.intent.action.MAIN
ADDED from src\main\AndroidManifest.xml:7:5-57
	android:name
		ADDED from src\main\AndroidManifest.xml:7:13-54
category#android.intent.category.LAUNCHER
ADDED from src\main\AndroidManifest.xml:8:5-65
	android:name
		ADDED from src\main\AndroidManifest.xml:8:15-62
receiver#mars.appwidget04.ExampleAppWidgetProvider
ADDED from src\main\AndroidManifest.xml:11:3-20:14
	android:name
		ADDED from src\main\AndroidManifest.xml:11:13-52
intent-filter#android.appwidget.action.APPWIDGET_UPDATE
ADDED from src\main\AndroidManifest.xml:12:4-14:20
action#android.appwidget.action.APPWIDGET_UPDATE
ADDED from src\main\AndroidManifest.xml:13:5-72
	android:name
		ADDED from src\main\AndroidManifest.xml:13:13-69
intent-filter#mars.appwidget03.UPDATE_APP_WIDGET
ADDED from src\main\AndroidManifest.xml:15:4-17:20
action#mars.appwidget03.UPDATE_APP_WIDGET
ADDED from src\main\AndroidManifest.xml:16:5-65
	android:name
		ADDED from src\main\AndroidManifest.xml:16:13-62
meta-data#android.appwidget.provider
ADDED from src\main\AndroidManifest.xml:18:4-19:54
	android:resource
		ADDED from src\main\AndroidManifest.xml:19:5-51
	android:name
		ADDED from src\main\AndroidManifest.xml:18:15-56
uses-sdk
ADDED from src\main\AndroidManifest.xml:22:2-40
	android:targetSdkVersion
		INJECTED from src\main\AndroidManifest.xml
		INJECTED from src\main\AndroidManifest.xml
	android:minSdkVersion
		ADDED from src\main\AndroidManifest.xml:22:12-37
		INJECTED from src\main\AndroidManifest.xml
		INJECTED from src\main\AndroidManifest.xml